<?xml version="1.0" encoding="UTF-8"?>
<!-- Generated by org.testng.reporters.JUnitReportReporter -->
<testsuite hostname="DESKTOP-NF4VRH5" failures="0" tests="1" name="gitPractice.Demo2" time="0.010" errors="0" timestamp="2021-11-12T14:26:53 IST" skipped="0">
  <testcase classname="gitPractice.Demo2" name="demo" time="0.010"/>
  <system-out/>
</testsuite> <!-- gitPractice.Demo2 -->
